
================================================================================
PASTE ATTEMPT @ 2026-02-18 00:40:15
================================================================================
STATUS: ❌ FAILED

--- ORIGINAL TEXT ---
Classified by KFSHRC as: Public - عام

السلام عليكم و رحمة الله 
الرجاء اتخاذ اللازم للإفراج عن الضمان النهائي للعقد المذكور 
137	GARTNER SAUDI ARABIA LIMITED	PEBHOR437760	SAB	61,884.38	31-Oct-2026

--- EXTRACTED DATA ---
{
    "guarantee_number": "PEBHOR437760",
    "contract_number": null,
    "expiry_date": "31-Oct-2026",
    "issue_date": null,
    "amount": 61884.38,
    "bank": "SAB",
    "supplier": "GARTNER SAUDI ARABIA LIMITED",
    "type": "نهائي",
    "intent": "release",
    "currency": "SAR",
    "source_text": "Classified by KFSHRC as: Public - عام\n\nالسلام عليكم و رحمة الله \nالرجاء اتخاذ اللازم للإفراج عن الضمان النهائي للعقد المذكور \n137\tGARTNER SAUDI ARABIA LIMITED\tPEBHOR437760\tSAB\t61,884.38\t31-Oct-2026",
    "field_status": {
        "guarantee_number": "✅",
        "amount": "✅",
        "supplier": "✅",
        "bank": "✅",
        "expiry_date": "✅",
        "contract_number": "❌",
        "issue_date": "⚠️"
    }
}
================================================================================

================================================================================
PASTE ATTEMPT @ 2026-02-18 00:40:54
================================================================================
STATUS: ✅ SUCCESS

--- ORIGINAL TEXT ---
Classified by KFSHRC as: Public - عام

السلام عليكم و رحمة الله 
الرجاء اتخاذ اللازم للإفراج عن الضمان النهائي للعقد C/0301/23
137	GARTNER SAUDI ARABIA LIMITED	PEBHOR437760	SAB	61,884.38	31-Oct-2026

--- EXTRACTED DATA ---
{
    "guarantee_number": "PEBHOR437760",
    "contract_number": "C\/0301\/23",
    "expiry_date": "31-Oct-2026",
    "issue_date": null,
    "amount": 61884.38,
    "bank": "SAB",
    "supplier": "GARTNER SAUDI ARABIA LIMITED",
    "type": "نهائي",
    "intent": "release",
    "currency": "SAR",
    "source_text": "Classified by KFSHRC as: Public - عام\n\nالسلام عليكم و رحمة الله \nالرجاء اتخاذ اللازم للإفراج عن الضمان النهائي للعقد C\/0301\/23\n137\tGARTNER SAUDI ARABIA LIMITED\tPEBHOR437760\tSAB\t61,884.38\t31-Oct-2026",
    "field_status": {
        "guarantee_number": "✅",
        "amount": "✅",
        "supplier": "✅",
        "bank": "✅",
        "expiry_date": "✅",
        "contract_number": "✅",
        "issue_date": "⚠️"
    }
}
================================================================================

================================================================================
PASTE ATTEMPT @ 2026-02-28 04:16:09
================================================================================
STATUS: ❌ FAILED

--- ORIGINAL TEXT ---
??? ??????: SIM-PASTE-20260228041609
??????: ???? ??? ???????
?????: ????? ?????? ???????
??????: 55000 ????
??? ?????: PO-7788
????? ????????: 2027-11-30
????? ???????: 2026-02-01

--- EXTRACTED DATA ---
{
    "guarantee_number": null,
    "contract_number": "55000",
    "expiry_date": "2027-11-30",
    "issue_date": null,
    "amount": 20260228041609,
    "bank": null,
    "supplier": null,
    "type": null,
    "intent": null,
    "currency": "SAR",
    "source_text": "??? ??????: SIM-PASTE-20260228041609\n??????: ???? ??? ???????\n?????: ????? ?????? ???????\n??????: 55000 ????\n??? ?????: PO-7788\n????? ????????: 2027-11-30\n????? ???????: 2026-02-01",
    "field_status": {
        "guarantee_number": "❌",
        "amount": "✅",
        "supplier": "❌",
        "bank": "❌",
        "expiry_date": "✅",
        "contract_number": "✅",
        "issue_date": "⚠️"
    }
}
================================================================================

================================================================================
PASTE ATTEMPT @ 2026-02-28 04:16:18
================================================================================
STATUS: ❌ FAILED

--- ORIGINAL TEXT ---
Guarantee Number: SIMPASTE20260228041618
Supplier: Alpha Operations Co
Bank: National Commercial Bank
Amount: 55000 SAR
Contract Number: PO-7788
Expiry Date: 2027-11-30
Issue Date: 2026-02-01

--- EXTRACTED DATA ---
{
    "guarantee_number": "Guarantee",
    "contract_number": "55000",
    "expiry_date": "2027-11-30",
    "issue_date": null,
    "amount": null,
    "bank": "National",
    "supplier": "Alpha Operations Co",
    "type": null,
    "intent": null,
    "currency": "SAR",
    "source_text": "Guarantee Number: SIMPASTE20260228041618\nSupplier: Alpha Operations Co\nBank: National Commercial Bank\nAmount: 55000 SAR\nContract Number: PO-7788\nExpiry Date: 2027-11-30\nIssue Date: 2026-02-01",
    "field_status": {
        "guarantee_number": "✅",
        "amount": "❌",
        "supplier": "✅",
        "bank": "✅",
        "expiry_date": "✅",
        "contract_number": "✅",
        "issue_date": "⚠️"
    }
}
================================================================================

================================================================================
PASTE ATTEMPT @ 2026-02-28 04:16:29
================================================================================
STATUS: ❌ FAILED

--- ORIGINAL TEXT ---
Guarantee Number | Supplier | Bank | Amount | Contract Number | Expiry Date
SIMTBL20260228041629-1 | Alpha Co | Al Rajhi Bank | 10000 | PO-1001 | 2027-10-01
SIMTBL20260228041629-2 | Beta Co | Riyad Bank | 20000 | PO-1002 | 2027-11-01
SIMTBL20260228041629-1 | Alpha Co | Al Rajhi Bank | 10000 | PO-1001 | 2027-10-01

--- EXTRACTED DATA ---
{
    "guarantee_number": "Guarantee",
    "contract_number": "10000",
    "expiry_date": "2027-10-01",
    "issue_date": null,
    "amount": null,
    "bank": "|",
    "supplier": "| Bank | Amount | Contract Number | Expiry Date",
    "type": null,
    "intent": null,
    "currency": "SAR",
    "source_text": "Guarantee Number | Supplier | Bank | Amount | Contract Number | Expiry Date\nSIMTBL20260228041629-1 | Alpha Co | Al Rajhi Bank | 10000 | PO-1001 | 2027-10-01\nSIMTBL20260228041629-2 | Beta Co | Riyad Bank | 20000 | PO-1002 | 2027-11-01\nSIMTBL20260228041629-1 | Alpha Co | Al Rajhi Bank | 10000 | PO-1001 | 2027-10-01",
    "field_status": {
        "guarantee_number": "✅",
        "amount": "❌",
        "supplier": "✅",
        "bank": "✅",
        "expiry_date": "✅",
        "contract_number": "✅",
        "issue_date": "⚠️"
    }
}
================================================================================
